-- Found ament_cmake_auto: 0.9.12 (/opt/ros/foxy/share/ament_cmake_auto/cmake)
-- Using PYTHON_EXECUTABLE: /usr/bin/python3
-- Using all available rosidl_typesupport_c: rosidl_typesupport_fastrtps_c;rosidl_typesupport_introspection_c
-- Found rosidl_adapter: 1.3.1 (/opt/ros/foxy/share/rosidl_adapter/cmake)
-- Using all available rosidl_typesupport_cpp: rosidl_typesupport_fastrtps_cpp;rosidl_typesupport_introspection_cpp
-- Found rmw_implementation_cmake: 1.0.4 (/opt/ros/foxy/share/rmw_implementation_cmake/cmake)
-- Using RMW implementation 'rmw_fastrtps_cpp' as default
CMake Warning at /usr/lib/ids_peak-1.8.0/cmake/ids_peak-config.cmake:234 (message):
  GENICAM_GENTL64_PATH is not set! If you just installed the SDK you might
  want to consider a restart.  If you are using the .tar.gz package, please
  use the ids_peak_generate_starter_script function to generate a starter
  script.
Call Stack (most recent call first):
  CMakeLists.txt:16 (find_package)


-- Found Boost: /usr/lib/x86_64-linux-gnu/cmake/Boost-1.71.0/BoostConfig.cmake (found version "1.71.0") found components: system 
-- Configuring done
-- Generating done
-- Build files have been written to: /home/leonard/peak_cam_docker_container/peak_cam/build/peak_cam
[35m[1mScanning dependencies of target peak_cam[0m
[35m[1mScanning dependencies of target peak_cam_node[0m
[ 25%] [32mBuilding CXX object CMakeFiles/peak_cam_node.dir/rclcpp_components/node_main_peak_cam_node.cpp.o[0m
[ 50%] [32mBuilding CXX object CMakeFiles/peak_cam.dir/src/peak_cam_node.cpp.o[0m
In file included from [01m[K/home/leonard/peak_cam_docker_container/peak_cam/src/peak_cam_node.cpp:36[m[K:
[01m[K/home/leonard/peak_cam_docker_container/peak_cam/include/peak_cam/peak_cam_node.hpp:43:10:[m[K [01;31m[Kfatal error: [m[Kcamera_info_manager/camera_info_manager.hpp: No such file or directory
   43 | #include [01;31m[K"camera_info_manager/camera_info_manager.hpp"[m[K
      |          [01;31m[K^~~~~~~~~~~~~~~~~~~~~~~~~~~~~~~~~~~~~~~~~~~~~[m[K
compilation terminated.
make[2]: *** [CMakeFiles/peak_cam.dir/build.make:63: CMakeFiles/peak_cam.dir/src/peak_cam_node.cpp.o] Error 1
make[1]: *** [CMakeFiles/Makefile2:107: CMakeFiles/peak_cam.dir/all] Error 2
make[1]: *** Waiting for unfinished jobs....
[ 75%] [32m[1mLinking CXX executable peak_cam_node[0m
[ 75%] Built target peak_cam_node
make: *** [Makefile:141: all] Error 2
