[0.010s] Invoking command in '/home/leonard/peak_cam_docker_container/peak_cam/build/peak_cam': CMAKE_PREFIX_PATH=/opt/ros/foxy /usr/bin/cmake /home/leonard/peak_cam_docker_container/peak_cam -DCMAKE_INSTALL_PREFIX=/home/leonard/peak_cam_docker_container/peak_cam/install/peak_cam
[0.026s] -- Found ament_cmake_auto: 0.9.12 (/opt/ros/foxy/share/ament_cmake_auto/cmake)
[0.045s] -- Using PYTHON_EXECUTABLE: /usr/bin/python3
[0.245s] -- Using all available rosidl_typesupport_c: rosidl_typesupport_fastrtps_c;rosidl_typesupport_introspection_c
[0.247s] -- Found rosidl_adapter: 1.3.1 (/opt/ros/foxy/share/rosidl_adapter/cmake)
[0.322s] -- Using all available rosidl_typesupport_cpp: rosidl_typesupport_fastrtps_cpp;rosidl_typesupport_introspection_cpp
[0.354s] -- Found rmw_implementation_cmake: 1.0.4 (/opt/ros/foxy/share/rmw_implementation_cmake/cmake)
[0.355s] -- Using RMW implementation 'rmw_fastrtps_cpp' as default
[0.702s] CMake Warning at /usr/lib/ids_peak-1.8.0/cmake/ids_peak-config.cmake:234 (message):
[0.703s]   GENICAM_GENTL64_PATH is not set! If you just installed the SDK you might
[0.703s]   want to consider a restart.  If you are using the .tar.gz package, please
[0.703s]   use the ids_peak_generate_starter_script function to generate a starter
[0.703s]   script.
[0.703s] Call Stack (most recent call first):
[0.703s]   CMakeLists.txt:16 (find_package)
[0.703s] 
[0.703s] 
[0.793s] -- Found Boost: /usr/lib/x86_64-linux-gnu/cmake/Boost-1.71.0/BoostConfig.cmake (found version "1.71.0") found components: system 
[0.823s] -- Configuring done
[0.864s] -- Generating done
[0.865s] -- Build files have been written to: /home/leonard/peak_cam_docker_container/peak_cam/build/peak_cam
[0.874s] Invoked command in '/home/leonard/peak_cam_docker_container/peak_cam/build/peak_cam' returned '0': CMAKE_PREFIX_PATH=/opt/ros/foxy /usr/bin/cmake /home/leonard/peak_cam_docker_container/peak_cam -DCMAKE_INSTALL_PREFIX=/home/leonard/peak_cam_docker_container/peak_cam/install/peak_cam
[0.880s] Invoking command in '/home/leonard/peak_cam_docker_container/peak_cam/build/peak_cam': CMAKE_PREFIX_PATH=/opt/ros/foxy /usr/bin/cmake --build /home/leonard/peak_cam_docker_container/peak_cam/build/peak_cam -- -j12 -l12
[0.930s] [35m[1mScanning dependencies of target peak_cam[0m
[0.930s] [35m[1mScanning dependencies of target peak_cam_node[0m
[1.011s] [ 25%] [32mBuilding CXX object CMakeFiles/peak_cam_node.dir/rclcpp_components/node_main_peak_cam_node.cpp.o[0m
[1.019s] [ 50%] [32mBuilding CXX object CMakeFiles/peak_cam.dir/src/peak_cam_node.cpp.o[0m
[1.045s] In file included from [01m[K/home/leonard/peak_cam_docker_container/peak_cam/src/peak_cam_node.cpp:36[m[K:
[1.045s] [01m[K/home/leonard/peak_cam_docker_container/peak_cam/include/peak_cam/peak_cam_node.hpp:43:10:[m[K [01;31m[Kfatal error: [m[Kcamera_info_manager/camera_info_manager.hpp: No such file or directory
[1.045s]    43 | #include [01;31m[K"camera_info_manager/camera_info_manager.hpp"[m[K
[1.045s]       |          [01;31m[K^~~~~~~~~~~~~~~~~~~~~~~~~~~~~~~~~~~~~~~~~~~~~[m[K
[1.046s] compilation terminated.
[1.046s] make[2]: *** [CMakeFiles/peak_cam.dir/build.make:63: CMakeFiles/peak_cam.dir/src/peak_cam_node.cpp.o] Error 1
[1.047s] make[1]: *** [CMakeFiles/Makefile2:107: CMakeFiles/peak_cam.dir/all] Error 2
[1.047s] make[1]: *** Waiting for unfinished jobs....
[2.686s] [ 75%] [32m[1mLinking CXX executable peak_cam_node[0m
[2.783s] [ 75%] Built target peak_cam_node
[2.784s] make: *** [Makefile:141: all] Error 2
[2.786s] Invoked command in '/home/leonard/peak_cam_docker_container/peak_cam/build/peak_cam' returned '2': CMAKE_PREFIX_PATH=/opt/ros/foxy /usr/bin/cmake --build /home/leonard/peak_cam_docker_container/peak_cam/build/peak_cam -- -j12 -l12
